INFO  07:49:33 Application started. Press Ctrl+C to shut down.
INFO  07:49:33 Application started. Press Ctrl+C to shut down.
INFO  07:49:33 Hosting environment: Development
INFO  07:49:33 Hosting environment: Development
INFO  07:49:33 Content root path: F:\IPTreatmentMFRP\InsuranceClaim
INFO  07:49:33 Content root path: F:\IPTreatmentMFRP\InsuranceClaim
WARN  07:49:33 Failed to determine the https port for redirect.
WARN  07:49:33 Failed to determine the https port for redirect.
INFO  07:51:07 Get Method Called
INFO  07:51:11 Initiate Claim method called. Balance to be returned in this method
INFO  10:31:30 Application started. Press Ctrl+C to shut down.
INFO  10:31:30 Application started. Press Ctrl+C to shut down.
INFO  10:31:30 Hosting environment: Development
INFO  10:31:30 Hosting environment: Development
INFO  10:31:30 Content root path: F:\IPTreatmentMFRP\InsuranceClaim
INFO  10:31:30 Content root path: F:\IPTreatmentMFRP\InsuranceClaim
WARN  10:31:30 Failed to determine the https port for redirect.
WARN  10:31:30 Failed to determine the https port for redirect.
INFO  10:34:02 Get Method Called
INFO  10:34:10 Initiate Claim method called. Balance to be returned in this method
INFO  02:13:53 Application started. Press Ctrl+C to shut down.
INFO  02:13:53 Application started. Press Ctrl+C to shut down.
INFO  02:13:53 Hosting environment: Development
INFO  02:13:53 Hosting environment: Development
INFO  02:13:53 Content root path: F:\IPTreatmentMFRP\InsuranceClaim
INFO  02:13:53 Content root path: F:\IPTreatmentMFRP\InsuranceClaim
WARN  02:13:53 Failed to determine the https port for redirect.
WARN  02:13:53 Failed to determine the https port for redirect.
INFO  05:01:58 Application started. Press Ctrl+C to shut down.
INFO  05:01:58 Application started. Press Ctrl+C to shut down.
INFO  05:01:58 Hosting environment: Development
INFO  05:01:58 Hosting environment: Development
INFO  05:01:58 Content root path: F:\IPTreatmentMFRP\InsuranceClaim
INFO  05:01:58 Content root path: F:\IPTreatmentMFRP\InsuranceClaim
WARN  05:01:58 Failed to determine the https port for redirect.
WARN  05:01:58 Failed to determine the https port for redirect.
INFO  05:06:03 Application started. Press Ctrl+C to shut down.
INFO  05:06:03 Application started. Press Ctrl+C to shut down.
INFO  05:06:03 Hosting environment: Development
INFO  05:06:03 Hosting environment: Development
INFO  05:06:03 Content root path: F:\IPTreatmentMFRP\InsuranceClaim
INFO  05:06:03 Content root path: F:\IPTreatmentMFRP\InsuranceClaim
WARN  05:06:03 Failed to determine the https port for redirect.
WARN  05:06:03 Failed to determine the https port for redirect.
